g:\achievement\c or c++\数据结构作品纯c版本\1618028班财务管理系统\1618028班财务管理系统\1618028班财务管理系统\debug\vc141.pdb
g:\achievement\c or c++\数据结构作品纯c版本\1618028班财务管理系统\1618028班财务管理系统\1618028班财务管理系统\debug\vc141.idb
g:\achievement\c or c++\数据结构作品纯c版本\1618028班财务管理系统\1618028班财务管理系统\1618028班财务管理系统\debug\user.obj
g:\achievement\c or c++\数据结构作品纯c版本\1618028班财务管理系统\1618028班财务管理系统\1618028班财务管理系统\debug\timer.obj
g:\achievement\c or c++\数据结构作品纯c版本\1618028班财务管理系统\1618028班财务管理系统\1618028班财务管理系统\debug\sign_in.obj
g:\achievement\c or c++\数据结构作品纯c版本\1618028班财务管理系统\1618028班财务管理系统\1618028班财务管理系统\debug\safe.obj
g:\achievement\c or c++\数据结构作品纯c版本\1618028班财务管理系统\1618028班财务管理系统\1618028班财务管理系统\debug\menu.obj
g:\achievement\c or c++\数据结构作品纯c版本\1618028班财务管理系统\1618028班财务管理系统\1618028班财务管理系统\debug\main.obj
g:\achievement\c or c++\数据结构作品纯c版本\1618028班财务管理系统\1618028班财务管理系统\1618028班财务管理系统\debug\log.obj
g:\achievement\c or c++\数据结构作品纯c版本\1618028班财务管理系统\1618028班财务管理系统\1618028班财务管理系统\debug\bill.obj
g:\achievement\c or c++\数据结构作品纯c版本\1618028班财务管理系统\1618028班财务管理系统\1618028班财务管理系统\debug\admin_account.obj
g:\achievement\c or c++\数据结构作品纯c版本\1618028班财务管理系统\1618028班财务管理系统\debug\1618028班财务管理系统.ilk
g:\achievement\c or c++\数据结构作品纯c版本\1618028班财务管理系统\1618028班财务管理系统\debug\1618028班财务管理系统.exe
g:\achievement\c or c++\数据结构作品纯c版本\1618028班财务管理系统\1618028班财务管理系统\debug\1618028班财务管理系统.pdb
g:\achievement\c or c++\数据结构作品纯c版本\1618028班财务管理系统\1618028班财务管理系统\1618028班财务管理系统\debug\1618028班财务管理系统.tlog\cl.command.1.tlog
g:\achievement\c or c++\数据结构作品纯c版本\1618028班财务管理系统\1618028班财务管理系统\1618028班财务管理系统\debug\1618028班财务管理系统.tlog\cl.read.1.tlog
g:\achievement\c or c++\数据结构作品纯c版本\1618028班财务管理系统\1618028班财务管理系统\1618028班财务管理系统\debug\1618028班财务管理系统.tlog\cl.write.1.tlog
g:\achievement\c or c++\数据结构作品纯c版本\1618028班财务管理系统\1618028班财务管理系统\1618028班财务管理系统\debug\1618028班财务管理系统.tlog\link.command.1.tlog
g:\achievement\c or c++\数据结构作品纯c版本\1618028班财务管理系统\1618028班财务管理系统\1618028班财务管理系统\debug\1618028班财务管理系统.tlog\link.read.1.tlog
g:\achievement\c or c++\数据结构作品纯c版本\1618028班财务管理系统\1618028班财务管理系统\1618028班财务管理系统\debug\1618028班财务管理系统.tlog\link.write.1.tlog
